INFO [2020-12-11 15:19:41] $x
INFO [2020-12-11 15:19:41] list(sz_sig, bpd_sig, mdd_sig)
INFO [2020-12-11 15:19:41] 
INFO [2020-12-11 15:19:41] $category.names
INFO [2020-12-11 15:19:41] c("SZ", "BPD ", "MDD")
INFO [2020-12-11 15:19:41] 
INFO [2020-12-11 15:19:41] $filename
INFO [2020-12-11 15:19:41] NULL
INFO [2020-12-11 15:19:41] 
INFO [2020-12-11 15:19:41] $lwd
INFO [2020-12-11 15:19:41] [1] 0
INFO [2020-12-11 15:19:41] 
INFO [2020-12-11 15:19:41] $lty
INFO [2020-12-11 15:19:41] [1] "blank"
INFO [2020-12-11 15:19:41] 
INFO [2020-12-11 15:19:41] $fill
INFO [2020-12-11 15:19:41] myCol
INFO [2020-12-11 15:19:41] 
INFO [2020-12-11 15:19:41] $cex
INFO [2020-12-11 15:19:41] [1] 0.6
INFO [2020-12-11 15:19:41] 
INFO [2020-12-11 15:19:41] $fontface
INFO [2020-12-11 15:19:41] [1] "bold"
INFO [2020-12-11 15:19:41] 
INFO [2020-12-11 15:19:41] $fontfamily
INFO [2020-12-11 15:19:41] [1] "sans"
INFO [2020-12-11 15:19:41] 
INFO [2020-12-11 15:19:41] $cat.cex
INFO [2020-12-11 15:19:41] [1] 0.6
INFO [2020-12-11 15:19:41] 
INFO [2020-12-11 15:19:41] $cat.fontface
INFO [2020-12-11 15:19:41] [1] "bold"
INFO [2020-12-11 15:19:41] 
INFO [2020-12-11 15:19:41] $cat.fontfamily
INFO [2020-12-11 15:19:41] [1] "sans"
INFO [2020-12-11 15:19:41] 
INFO [2020-12-11 15:19:41] [[13]]
INFO [2020-12-11 15:19:41] 
INFO [2020-12-11 15:19:41] 
INFO [2020-12-11 15:19:41] $x
INFO [2020-12-11 15:19:41] list(sz_sig, bpd_sig, mdd_sig)
INFO [2020-12-11 15:19:41] 
INFO [2020-12-11 15:19:41] $category.names
INFO [2020-12-11 15:19:41] c("SZ", "BPD ", "MDD")
INFO [2020-12-11 15:19:41] 
INFO [2020-12-11 15:19:41] $filename
INFO [2020-12-11 15:19:41] NULL
INFO [2020-12-11 15:19:41] 
INFO [2020-12-11 15:19:41] $lwd
INFO [2020-12-11 15:19:41] [1] 0
INFO [2020-12-11 15:19:41] 
INFO [2020-12-11 15:19:41] $lty
INFO [2020-12-11 15:19:41] [1] "blank"
INFO [2020-12-11 15:19:41] 
INFO [2020-12-11 15:19:41] $fill
INFO [2020-12-11 15:19:41] myCol
INFO [2020-12-11 15:19:41] 
INFO [2020-12-11 15:19:41] $cex
INFO [2020-12-11 15:19:41] [1] 0.6
INFO [2020-12-11 15:19:41] 
INFO [2020-12-11 15:19:41] $fontface
INFO [2020-12-11 15:19:41] [1] "bold"
INFO [2020-12-11 15:19:41] 
INFO [2020-12-11 15:19:41] $fontfamily
INFO [2020-12-11 15:19:41] [1] "sans"
INFO [2020-12-11 15:19:41] 
INFO [2020-12-11 15:19:41] $cat.cex
INFO [2020-12-11 15:19:41] [1] 0.6
INFO [2020-12-11 15:19:41] 
INFO [2020-12-11 15:19:41] $cat.fontface
INFO [2020-12-11 15:19:41] [1] "bold"
INFO [2020-12-11 15:19:41] 
INFO [2020-12-11 15:19:41] $cat.fontfamily
INFO [2020-12-11 15:19:41] [1] "sans"
INFO [2020-12-11 15:19:41] 
INFO [2020-12-11 15:19:41] [[13]]
INFO [2020-12-11 15:19:41] 
INFO [2020-12-11 15:19:41] 
INFO [2020-12-11 15:19:41] $x
INFO [2020-12-11 15:19:41] list(sz_sig, bpd_sig, mdd_sig)
INFO [2020-12-11 15:19:41] 
INFO [2020-12-11 15:19:41] $category.names
INFO [2020-12-11 15:19:41] c("SZ", "BPD ", "MDD")
INFO [2020-12-11 15:19:41] 
INFO [2020-12-11 15:19:41] $filename
INFO [2020-12-11 15:19:41] NULL
INFO [2020-12-11 15:19:41] 
INFO [2020-12-11 15:19:41] $lwd
INFO [2020-12-11 15:19:41] [1] 0
INFO [2020-12-11 15:19:41] 
INFO [2020-12-11 15:19:41] $lty
INFO [2020-12-11 15:19:41] [1] "blank"
INFO [2020-12-11 15:19:41] 
INFO [2020-12-11 15:19:41] $fill
INFO [2020-12-11 15:19:41] myCol
INFO [2020-12-11 15:19:41] 
INFO [2020-12-11 15:19:41] $cex
INFO [2020-12-11 15:19:41] [1] 0.6
INFO [2020-12-11 15:19:41] 
INFO [2020-12-11 15:19:41] $fontface
INFO [2020-12-11 15:19:41] [1] "bold"
INFO [2020-12-11 15:19:41] 
INFO [2020-12-11 15:19:41] $fontfamily
INFO [2020-12-11 15:19:41] [1] "sans"
INFO [2020-12-11 15:19:41] 
INFO [2020-12-11 15:19:41] $cat.cex
INFO [2020-12-11 15:19:41] [1] 0.6
INFO [2020-12-11 15:19:41] 
INFO [2020-12-11 15:19:41] $cat.fontface
INFO [2020-12-11 15:19:41] [1] "bold"
INFO [2020-12-11 15:19:41] 
INFO [2020-12-11 15:19:41] $cat.fontfamily
INFO [2020-12-11 15:19:41] [1] "sans"
INFO [2020-12-11 15:19:41] 
INFO [2020-12-11 15:19:41] [[13]]
INFO [2020-12-11 15:19:41] 
INFO [2020-12-11 15:19:41] 
